2022-10-01 18:29:42,434:INFO:PyCaret Supervised Module
2022-10-01 18:29:42,435:INFO:ML Usecase: regression
2022-10-01 18:29:42,435:INFO:version 2.2.2
2022-10-01 18:29:42,435:INFO:Initializing setup()
2022-10-01 18:29:42,435:INFO:setup(target=['Epoch', 'Magnetic field magnitude'], ml_usecase=regression, available_plots={'parameter': 'Hyperparameters', 'residuals': 'Residuals', 'error': 'Prediction Error', 'cooks': 'Cooks Distance', 'rfe': 'Feature Selection', 'learning': 'Learning Curve', 'manifold': 'Manifold Learning', 'vc': 'Validation Curve', 'feature': 'Feature Importance', 'feature_all': 'Feature Importance (All)', 'tree': 'Decision Tree'}, train_size=0.7, test_data=None, preprocess=True, imputation_type=simple, iterative_imputation_iters=5, categorical_features=None, categorical_imputation=constant, categorical_iterative_imputer=lightgbm, ordinal_features=None, high_cardinality_features=None, high_cardinality_method=frequency, numeric_features=None, numeric_imputation=mean, numeric_iterative_imputer=lightgbm, date_features=None, ignore_features=None, normalize=True, normalize_method=zscore, transformation=True, transformation_method=yeo-johnson, handle_unknown_categorical=True, unknown_categorical_method=least_frequent, pca=False, pca_method=linear, pca_components=None, ignore_low_variance=False, combine_rare_levels=False, rare_level_threshold=0.1, bin_numeric_features=None, remove_outliers=False, outliers_threshold=0.05, remove_multicollinearity=False, multicollinearity_threshold=0.9, remove_perfect_collinearity=True, create_clusters=False, cluster_iter=20, polynomial_features=False, polynomial_degree=2, trigonometry_features=False, polynomial_threshold=0.1, group_features=None, group_names=None, feature_selection=False, feature_selection_threshold=0.8, feature_selection_method=classic, feature_interaction=False, feature_ratio=False, interaction_threshold=0.01, fix_imbalance=False, fix_imbalance_method=None, transform_target=True, transform_target_method=yeo-johnson, data_split_shuffle=True, data_split_stratify=False, fold_strategy=kfold, fold=10, fold_shuffle=False, fold_groups=None, n_jobs=-1, use_gpu=False, custom_pipeline=None, html=True, session_id=42, log_experiment=False, experiment_name=None, log_plots=False, log_profile=False, log_data=False, silent=True, verbose=True, profile=False, profile_kwargs=None, display=None)
2022-10-01 18:29:42,436:INFO:Checking environment
2022-10-01 18:29:42,436:INFO:python_version: 3.9.12
2022-10-01 18:29:42,436:INFO:python_build: ('main', 'Apr  4 2022 05:22:27')
2022-10-01 18:29:42,436:INFO:machine: AMD64
2022-10-01 18:29:42,436:INFO:platform: Windows-10-10.0.22000-SP0
2022-10-01 18:29:42,436:INFO:Memory: svmem(total=16531197952, available=3424731136, percent=79.3, used=13106466816, free=3424731136)
2022-10-01 18:29:42,436:INFO:Physical Core: 4
2022-10-01 18:29:42,436:INFO:Logical Core: 8
2022-10-01 18:29:42,436:INFO:Checking libraries
2022-10-01 18:29:42,436:INFO:pd==1.4.2
2022-10-01 18:29:42,436:INFO:numpy==1.21.5
2022-10-01 18:29:42,436:INFO:sklearn==1.1.2
2022-10-01 18:29:47,036:INFO:xgboost==1.6.2
2022-10-01 18:29:47,036:INFO:lightgbm==3.3.2
2022-10-01 18:29:55,280:INFO:catboost==1.1
2022-10-01 18:30:11,639:INFO:mlflow==1.29.0
2022-10-01 18:30:11,639:INFO:Checking Exceptions
2022-10-01 18:30:41,101:INFO:Initializing compare_models()
2022-10-01 18:30:41,101:INFO:compare_models(include=None, fold=None, round=4, cross_validation=True, sort=R2, n_select=1, budget_time=None, turbo=True, errors=ignore, fit_kwargs=None, groups=None, verbose=True, display=None, exclude=None)
2022-10-01 18:30:41,101:INFO:Checking exceptions
2022-10-01 18:30:45,369:INFO:PyCaret Supervised Module
2022-10-01 18:30:45,369:INFO:ML Usecase: regression
2022-10-01 18:30:45,369:INFO:version 2.2.2
2022-10-01 18:30:45,369:INFO:Initializing setup()
2022-10-01 18:30:45,369:INFO:setup(target=Epoch, ml_usecase=regression, available_plots={'parameter': 'Hyperparameters', 'residuals': 'Residuals', 'error': 'Prediction Error', 'cooks': 'Cooks Distance', 'rfe': 'Feature Selection', 'learning': 'Learning Curve', 'manifold': 'Manifold Learning', 'vc': 'Validation Curve', 'feature': 'Feature Importance', 'feature_all': 'Feature Importance (All)', 'tree': 'Decision Tree'}, train_size=0.7, test_data=None, preprocess=True, imputation_type=simple, iterative_imputation_iters=5, categorical_features=None, categorical_imputation=constant, categorical_iterative_imputer=lightgbm, ordinal_features=None, high_cardinality_features=None, high_cardinality_method=frequency, numeric_features=None, numeric_imputation=mean, numeric_iterative_imputer=lightgbm, date_features=None, ignore_features=None, normalize=True, normalize_method=zscore, transformation=True, transformation_method=yeo-johnson, handle_unknown_categorical=True, unknown_categorical_method=least_frequent, pca=False, pca_method=linear, pca_components=None, ignore_low_variance=False, combine_rare_levels=False, rare_level_threshold=0.1, bin_numeric_features=None, remove_outliers=False, outliers_threshold=0.05, remove_multicollinearity=False, multicollinearity_threshold=0.9, remove_perfect_collinearity=True, create_clusters=False, cluster_iter=20, polynomial_features=False, polynomial_degree=2, trigonometry_features=False, polynomial_threshold=0.1, group_features=None, group_names=None, feature_selection=False, feature_selection_threshold=0.8, feature_selection_method=classic, feature_interaction=False, feature_ratio=False, interaction_threshold=0.01, fix_imbalance=False, fix_imbalance_method=None, transform_target=True, transform_target_method=yeo-johnson, data_split_shuffle=True, data_split_stratify=False, fold_strategy=kfold, fold=10, fold_shuffle=False, fold_groups=None, n_jobs=-1, use_gpu=False, custom_pipeline=None, html=True, session_id=42, log_experiment=False, experiment_name=None, log_plots=False, log_profile=False, log_data=False, silent=True, verbose=True, profile=False, profile_kwargs=None, display=None)
2022-10-01 18:30:45,370:INFO:Checking environment
2022-10-01 18:30:45,370:INFO:python_version: 3.9.12
2022-10-01 18:30:45,370:INFO:python_build: ('main', 'Apr  4 2022 05:22:27')
2022-10-01 18:30:45,370:INFO:machine: AMD64
2022-10-01 18:30:45,370:INFO:platform: Windows-10-10.0.22000-SP0
2022-10-01 18:30:45,370:INFO:Memory: svmem(total=16531197952, available=3402514432, percent=79.4, used=13128683520, free=3402514432)
2022-10-01 18:30:45,371:INFO:Physical Core: 4
2022-10-01 18:30:45,371:INFO:Logical Core: 8
2022-10-01 18:30:45,371:INFO:Checking libraries
2022-10-01 18:30:45,371:INFO:pd==1.4.2
2022-10-01 18:30:45,371:INFO:numpy==1.21.5
2022-10-01 18:30:45,371:INFO:sklearn==1.1.2
2022-10-01 18:30:45,371:INFO:xgboost==1.6.2
2022-10-01 18:30:45,372:INFO:lightgbm==3.3.2
2022-10-01 18:30:45,372:INFO:catboost==1.1
2022-10-01 18:30:45,372:INFO:mlflow==1.29.0
2022-10-01 18:30:45,372:INFO:Checking Exceptions
2022-10-01 18:30:45,372:INFO:Declaring global variables
2022-10-01 18:30:45,372:INFO:USI: 2025
2022-10-01 18:30:45,373:INFO:pycaret_globals: {'_gpu_n_jobs_param', 'fold_shuffle_param', 'seed', 'target_param', 'y_train', 'display_container', 'n_jobs_param', 'transform_target_method_param', '_all_models_internal', '_internal_pipeline', 'prep_pipe', 'create_model_container', 'exp_name_log', 'log_plots_param', 'transform_target_param', 'data_before_preprocess', '_all_models', 'fold_groups_param', '_all_metrics', 'pycaret_globals', '_ml_usecase', 'iterative_imputation_iters_param', 'fold_param', 'fix_imbalance_param', 'experiment__', 'imputation_regressor', 'fold_generator', 'gpu_param', '_available_plots', 'stratify_param', 'y', 'imputation_classifier', 'y_test', 'fix_imbalance_method_param', 'logging_param', 'X', 'master_model_container', 'html_param', 'X_test', 'X_train', 'USI'}
2022-10-01 18:30:45,373:INFO:Preparing display monitor
2022-10-01 18:30:45,374:INFO:Preparing display monitor
2022-10-01 18:30:45,408:INFO:Importing libraries
2022-10-01 18:30:45,408:INFO:Copying data for preprocessing
2022-10-01 18:30:45,438:INFO:Declaring preprocessing parameters
2022-10-01 18:30:45,465:INFO:Creating preprocessing pipeline
2022-10-01 18:30:46,086:INFO:Preprocessing pipeline created successfully
2022-10-01 18:30:46,086:ERROR:(Process Exit): setup has been interupted with user command 'quit'. setup must rerun.
2022-10-01 18:30:46,086:INFO:Creating global containers
2022-10-01 18:31:07,434:INFO:PyCaret Supervised Module
2022-10-01 18:31:07,434:INFO:ML Usecase: regression
2022-10-01 18:31:07,434:INFO:version 2.2.2
2022-10-01 18:31:07,436:INFO:Initializing setup()
2022-10-01 18:31:07,436:INFO:setup(target=Epoch, ml_usecase=regression, available_plots={'parameter': 'Hyperparameters', 'residuals': 'Residuals', 'error': 'Prediction Error', 'cooks': 'Cooks Distance', 'rfe': 'Feature Selection', 'learning': 'Learning Curve', 'manifold': 'Manifold Learning', 'vc': 'Validation Curve', 'feature': 'Feature Importance', 'feature_all': 'Feature Importance (All)', 'tree': 'Decision Tree'}, train_size=0.7, test_data=None, preprocess=True, imputation_type=simple, iterative_imputation_iters=5, categorical_features=None, categorical_imputation=constant, categorical_iterative_imputer=lightgbm, ordinal_features=None, high_cardinality_features=None, high_cardinality_method=frequency, numeric_features=None, numeric_imputation=mean, numeric_iterative_imputer=lightgbm, date_features=None, ignore_features=None, normalize=True, normalize_method=zscore, transformation=False, transformation_method=yeo-johnson, handle_unknown_categorical=True, unknown_categorical_method=least_frequent, pca=False, pca_method=linear, pca_components=None, ignore_low_variance=False, combine_rare_levels=False, rare_level_threshold=0.1, bin_numeric_features=None, remove_outliers=False, outliers_threshold=0.05, remove_multicollinearity=False, multicollinearity_threshold=0.9, remove_perfect_collinearity=True, create_clusters=False, cluster_iter=20, polynomial_features=False, polynomial_degree=2, trigonometry_features=False, polynomial_threshold=0.1, group_features=None, group_names=None, feature_selection=False, feature_selection_threshold=0.8, feature_selection_method=classic, feature_interaction=False, feature_ratio=False, interaction_threshold=0.01, fix_imbalance=False, fix_imbalance_method=None, transform_target=False, transform_target_method=box-cox, data_split_shuffle=True, data_split_stratify=False, fold_strategy=kfold, fold=10, fold_shuffle=False, fold_groups=None, n_jobs=-1, use_gpu=False, custom_pipeline=None, html=True, session_id=None, log_experiment=False, experiment_name=None, log_plots=False, log_profile=False, log_data=False, silent=False, verbose=True, profile=False, profile_kwargs=None, display=None)
2022-10-01 18:31:07,436:INFO:Checking environment
2022-10-01 18:31:07,436:INFO:python_version: 3.9.12
2022-10-01 18:31:07,436:INFO:python_build: ('main', 'Apr  4 2022 05:22:27')
2022-10-01 18:31:07,436:INFO:machine: AMD64
2022-10-01 18:31:07,436:INFO:platform: Windows-10-10.0.22000-SP0
2022-10-01 18:31:07,436:INFO:Memory: svmem(total=16531197952, available=3296866304, percent=80.1, used=13234331648, free=3296866304)
2022-10-01 18:31:07,436:INFO:Physical Core: 4
2022-10-01 18:31:07,436:INFO:Logical Core: 8
2022-10-01 18:31:07,436:INFO:Checking libraries
2022-10-01 18:31:07,436:INFO:pd==1.4.2
2022-10-01 18:31:07,436:INFO:numpy==1.21.5
2022-10-01 18:31:07,436:INFO:sklearn==1.1.2
2022-10-01 18:31:07,436:INFO:xgboost==1.6.2
2022-10-01 18:31:07,436:INFO:lightgbm==3.3.2
2022-10-01 18:31:07,436:INFO:catboost==1.1
2022-10-01 18:31:07,436:INFO:mlflow==1.29.0
2022-10-01 18:31:07,436:INFO:Checking Exceptions
2022-10-01 18:31:07,436:INFO:Declaring global variables
2022-10-01 18:31:07,436:INFO:USI: 9969
2022-10-01 18:31:07,436:INFO:pycaret_globals: {'_gpu_n_jobs_param', 'fold_shuffle_param', 'seed', 'target_param', 'y_train', 'display_container', 'n_jobs_param', 'transform_target_method_param', '_all_models_internal', '_internal_pipeline', 'prep_pipe', 'create_model_container', 'exp_name_log', 'log_plots_param', 'transform_target_param', 'data_before_preprocess', '_all_models', 'fold_groups_param', '_all_metrics', 'pycaret_globals', '_ml_usecase', 'iterative_imputation_iters_param', 'fold_param', 'fix_imbalance_param', 'experiment__', 'imputation_regressor', 'fold_generator', 'gpu_param', '_available_plots', 'stratify_param', 'y', 'imputation_classifier', 'y_test', 'fix_imbalance_method_param', 'logging_param', 'X', 'master_model_container', 'html_param', 'X_test', 'X_train', 'USI'}
2022-10-01 18:31:07,436:INFO:Preparing display monitor
2022-10-01 18:31:07,436:INFO:Preparing display monitor
2022-10-01 18:31:07,454:INFO:Importing libraries
2022-10-01 18:31:07,454:INFO:Copying data for preprocessing
2022-10-01 18:31:07,474:INFO:Declaring preprocessing parameters
2022-10-01 18:31:07,508:INFO:Creating preprocessing pipeline
2022-10-01 18:31:08,001:INFO:Preprocessing pipeline created successfully
2022-10-01 18:31:08,001:ERROR:(Process Exit): setup has been interupted with user command 'quit'. setup must rerun.
2022-10-01 18:31:08,001:INFO:Creating global containers
2022-10-01 18:31:49,976:INFO:PyCaret Supervised Module
2022-10-01 18:31:49,976:INFO:ML Usecase: regression
2022-10-01 18:31:49,976:INFO:version 2.2.2
2022-10-01 18:31:49,976:INFO:Initializing setup()
2022-10-01 18:31:49,976:INFO:setup(target=Epoch, ml_usecase=regression, available_plots={'parameter': 'Hyperparameters', 'residuals': 'Residuals', 'error': 'Prediction Error', 'cooks': 'Cooks Distance', 'rfe': 'Feature Selection', 'learning': 'Learning Curve', 'manifold': 'Manifold Learning', 'vc': 'Validation Curve', 'feature': 'Feature Importance', 'feature_all': 'Feature Importance (All)', 'tree': 'Decision Tree'}, train_size=0.7, test_data=None, preprocess=True, imputation_type=simple, iterative_imputation_iters=5, categorical_features=None, categorical_imputation=constant, categorical_iterative_imputer=lightgbm, ordinal_features=None, high_cardinality_features=None, high_cardinality_method=frequency, numeric_features=None, numeric_imputation=mean, numeric_iterative_imputer=lightgbm, date_features=None, ignore_features=None, normalize=True, normalize_method=zscore, transformation=True, transformation_method=yeo-johnson, handle_unknown_categorical=True, unknown_categorical_method=least_frequent, pca=False, pca_method=linear, pca_components=None, ignore_low_variance=False, combine_rare_levels=False, rare_level_threshold=0.1, bin_numeric_features=None, remove_outliers=False, outliers_threshold=0.05, remove_multicollinearity=False, multicollinearity_threshold=0.9, remove_perfect_collinearity=True, create_clusters=False, cluster_iter=20, polynomial_features=False, polynomial_degree=2, trigonometry_features=False, polynomial_threshold=0.1, group_features=None, group_names=None, feature_selection=False, feature_selection_threshold=0.8, feature_selection_method=classic, feature_interaction=False, feature_ratio=False, interaction_threshold=0.01, fix_imbalance=False, fix_imbalance_method=None, transform_target=False, transform_target_method=box-cox, data_split_shuffle=True, data_split_stratify=False, fold_strategy=kfold, fold=10, fold_shuffle=False, fold_groups=None, n_jobs=-1, use_gpu=False, custom_pipeline=None, html=True, session_id=123, log_experiment=True, experiment_name=sunWindPredictor, log_plots=False, log_profile=False, log_data=False, silent=True, verbose=True, profile=False, profile_kwargs=None, display=None)
2022-10-01 18:31:49,976:INFO:Checking environment
2022-10-01 18:31:49,976:INFO:python_version: 3.9.12
2022-10-01 18:31:49,976:INFO:python_build: ('main', 'Apr  4 2022 05:22:27')
2022-10-01 18:31:49,976:INFO:machine: AMD64
2022-10-01 18:31:49,976:INFO:platform: Windows-10-10.0.22000-SP0
2022-10-01 18:31:49,976:INFO:Memory: svmem(total=16531197952, available=3142447104, percent=81.0, used=13388750848, free=3142447104)
2022-10-01 18:31:49,976:INFO:Physical Core: 4
2022-10-01 18:31:49,976:INFO:Logical Core: 8
2022-10-01 18:31:49,976:INFO:Checking libraries
2022-10-01 18:31:49,976:INFO:pd==1.4.2
2022-10-01 18:31:49,976:INFO:numpy==1.21.5
2022-10-01 18:31:49,976:INFO:sklearn==1.1.2
2022-10-01 18:31:49,976:INFO:xgboost==1.6.2
2022-10-01 18:31:49,976:INFO:lightgbm==3.3.2
2022-10-01 18:31:49,976:INFO:catboost==1.1
2022-10-01 18:31:49,976:INFO:mlflow==1.29.0
2022-10-01 18:31:49,984:INFO:Checking Exceptions
2022-10-01 18:31:49,984:INFO:Declaring global variables
2022-10-01 18:31:49,984:INFO:USI: 7ee8
2022-10-01 18:31:49,984:INFO:pycaret_globals: {'_gpu_n_jobs_param', 'fold_shuffle_param', 'seed', 'target_param', 'y_train', 'display_container', 'n_jobs_param', 'transform_target_method_param', '_all_models_internal', '_internal_pipeline', 'prep_pipe', 'create_model_container', 'exp_name_log', 'log_plots_param', 'transform_target_param', 'data_before_preprocess', '_all_models', 'fold_groups_param', '_all_metrics', 'pycaret_globals', '_ml_usecase', 'iterative_imputation_iters_param', 'fold_param', 'fix_imbalance_param', 'experiment__', 'imputation_regressor', 'fold_generator', 'gpu_param', '_available_plots', 'stratify_param', 'y', 'imputation_classifier', 'y_test', 'fix_imbalance_method_param', 'logging_param', 'X', 'master_model_container', 'html_param', 'X_test', 'X_train', 'USI'}
2022-10-01 18:31:49,984:INFO:Preparing display monitor
2022-10-01 18:31:49,984:INFO:Preparing display monitor
2022-10-01 18:31:50,014:INFO:Importing libraries
2022-10-01 18:31:50,015:INFO:Copying data for preprocessing
2022-10-01 18:31:50,048:INFO:Declaring preprocessing parameters
2022-10-01 18:31:50,096:INFO:Creating preprocessing pipeline
2022-10-01 18:31:50,600:INFO:Preprocessing pipeline created successfully
2022-10-01 18:31:50,600:ERROR:(Process Exit): setup has been interupted with user command 'quit'. setup must rerun.
2022-10-01 18:31:50,600:INFO:Creating global containers
2022-10-01 18:32:25,860:INFO:PyCaret Supervised Module
2022-10-01 18:32:25,860:INFO:ML Usecase: regression
2022-10-01 18:32:25,860:INFO:version 2.2.2
2022-10-01 18:32:25,860:INFO:Initializing setup()
2022-10-01 18:32:25,860:INFO:setup(target=Epoch, ml_usecase=regression, available_plots={'parameter': 'Hyperparameters', 'residuals': 'Residuals', 'error': 'Prediction Error', 'cooks': 'Cooks Distance', 'rfe': 'Feature Selection', 'learning': 'Learning Curve', 'manifold': 'Manifold Learning', 'vc': 'Validation Curve', 'feature': 'Feature Importance', 'feature_all': 'Feature Importance (All)', 'tree': 'Decision Tree'}, train_size=0.7, test_data=None, preprocess=True, imputation_type=simple, iterative_imputation_iters=5, categorical_features=None, categorical_imputation=constant, categorical_iterative_imputer=lightgbm, ordinal_features=None, high_cardinality_features=None, high_cardinality_method=frequency, numeric_features=None, numeric_imputation=mean, numeric_iterative_imputer=lightgbm, date_features=None, ignore_features=None, normalize=False, normalize_method=zscore, transformation=False, transformation_method=yeo-johnson, handle_unknown_categorical=True, unknown_categorical_method=least_frequent, pca=False, pca_method=linear, pca_components=None, ignore_low_variance=False, combine_rare_levels=False, rare_level_threshold=0.1, bin_numeric_features=None, remove_outliers=False, outliers_threshold=0.05, remove_multicollinearity=False, multicollinearity_threshold=0.9, remove_perfect_collinearity=True, create_clusters=False, cluster_iter=20, polynomial_features=False, polynomial_degree=2, trigonometry_features=False, polynomial_threshold=0.1, group_features=None, group_names=None, feature_selection=False, feature_selection_threshold=0.8, feature_selection_method=classic, feature_interaction=False, feature_ratio=False, interaction_threshold=0.01, fix_imbalance=False, fix_imbalance_method=None, transform_target=False, transform_target_method=box-cox, data_split_shuffle=True, data_split_stratify=False, fold_strategy=kfold, fold=10, fold_shuffle=False, fold_groups=None, n_jobs=-1, use_gpu=False, custom_pipeline=None, html=True, session_id=None, log_experiment=False, experiment_name=None, log_plots=False, log_profile=False, log_data=False, silent=False, verbose=True, profile=False, profile_kwargs=None, display=None)
2022-10-01 18:32:25,860:INFO:Checking environment
2022-10-01 18:32:25,860:INFO:python_version: 3.9.12
2022-10-01 18:32:25,860:INFO:python_build: ('main', 'Apr  4 2022 05:22:27')
2022-10-01 18:32:25,860:INFO:machine: AMD64
2022-10-01 18:32:25,866:INFO:platform: Windows-10-10.0.22000-SP0
2022-10-01 18:32:25,866:INFO:Memory: svmem(total=16531197952, available=2954276864, percent=82.1, used=13576921088, free=2954276864)
2022-10-01 18:32:25,866:INFO:Physical Core: 4
2022-10-01 18:32:25,866:INFO:Logical Core: 8
2022-10-01 18:32:25,866:INFO:Checking libraries
2022-10-01 18:32:25,866:INFO:pd==1.4.2
2022-10-01 18:32:25,866:INFO:numpy==1.21.5
2022-10-01 18:32:25,866:INFO:sklearn==1.1.2
2022-10-01 18:32:25,866:INFO:xgboost==1.6.2
2022-10-01 18:32:25,866:INFO:lightgbm==3.3.2
2022-10-01 18:32:25,866:INFO:catboost==1.1
2022-10-01 18:32:25,866:INFO:mlflow==1.29.0
2022-10-01 18:32:25,866:INFO:Checking Exceptions
2022-10-01 18:32:25,866:INFO:Declaring global variables
2022-10-01 18:32:25,867:INFO:USI: 7149
2022-10-01 18:32:25,867:INFO:pycaret_globals: {'_gpu_n_jobs_param', 'fold_shuffle_param', 'seed', 'target_param', 'y_train', 'display_container', 'n_jobs_param', 'transform_target_method_param', '_all_models_internal', '_internal_pipeline', 'prep_pipe', 'create_model_container', 'exp_name_log', 'log_plots_param', 'transform_target_param', 'data_before_preprocess', '_all_models', 'fold_groups_param', '_all_metrics', 'pycaret_globals', '_ml_usecase', 'iterative_imputation_iters_param', 'fold_param', 'fix_imbalance_param', 'experiment__', 'imputation_regressor', 'fold_generator', 'gpu_param', '_available_plots', 'stratify_param', 'y', 'imputation_classifier', 'y_test', 'fix_imbalance_method_param', 'logging_param', 'X', 'master_model_container', 'html_param', 'X_test', 'X_train', 'USI'}
2022-10-01 18:32:25,867:INFO:Preparing display monitor
2022-10-01 18:32:25,867:INFO:Preparing display monitor
2022-10-01 18:32:25,875:INFO:Importing libraries
2022-10-01 18:32:25,884:INFO:Copying data for preprocessing
2022-10-01 18:32:25,911:INFO:Declaring preprocessing parameters
2022-10-01 18:32:25,956:INFO:Creating preprocessing pipeline
2022-10-01 18:32:26,452:INFO:Preprocessing pipeline created successfully
2022-10-01 18:32:26,452:ERROR:(Process Exit): setup has been interupted with user command 'quit'. setup must rerun.
2022-10-01 18:32:26,452:INFO:Creating global containers
2022-10-01 18:33:07,058:INFO:PyCaret Supervised Module
2022-10-01 18:33:07,066:INFO:ML Usecase: regression
2022-10-01 18:33:07,066:INFO:version 2.2.2
2022-10-01 18:33:07,066:INFO:Initializing setup()
2022-10-01 18:33:07,066:INFO:setup(target=Epoch, ml_usecase=regression, available_plots={'parameter': 'Hyperparameters', 'residuals': 'Residuals', 'error': 'Prediction Error', 'cooks': 'Cooks Distance', 'rfe': 'Feature Selection', 'learning': 'Learning Curve', 'manifold': 'Manifold Learning', 'vc': 'Validation Curve', 'feature': 'Feature Importance', 'feature_all': 'Feature Importance (All)', 'tree': 'Decision Tree'}, train_size=0.7, test_data=None, preprocess=True, imputation_type=simple, iterative_imputation_iters=5, categorical_features=None, categorical_imputation=constant, categorical_iterative_imputer=lightgbm, ordinal_features=None, high_cardinality_features=None, high_cardinality_method=frequency, numeric_features=None, numeric_imputation=mean, numeric_iterative_imputer=lightgbm, date_features=None, ignore_features=None, normalize=False, normalize_method=zscore, transformation=False, transformation_method=yeo-johnson, handle_unknown_categorical=True, unknown_categorical_method=least_frequent, pca=False, pca_method=linear, pca_components=None, ignore_low_variance=False, combine_rare_levels=False, rare_level_threshold=0.1, bin_numeric_features=None, remove_outliers=False, outliers_threshold=0.05, remove_multicollinearity=False, multicollinearity_threshold=0.9, remove_perfect_collinearity=True, create_clusters=False, cluster_iter=20, polynomial_features=False, polynomial_degree=2, trigonometry_features=False, polynomial_threshold=0.1, group_features=None, group_names=None, feature_selection=False, feature_selection_threshold=0.8, feature_selection_method=classic, feature_interaction=False, feature_ratio=False, interaction_threshold=0.01, fix_imbalance=False, fix_imbalance_method=None, transform_target=False, transform_target_method=box-cox, data_split_shuffle=True, data_split_stratify=False, fold_strategy=kfold, fold=5, fold_shuffle=True, fold_groups=None, n_jobs=-1, use_gpu=False, custom_pipeline=None, html=True, session_id=42, log_experiment=False, experiment_name=None, log_plots=False, log_profile=False, log_data=False, silent=True, verbose=True, profile=False, profile_kwargs=None, display=None)
2022-10-01 18:33:07,066:INFO:Checking environment
2022-10-01 18:33:07,066:INFO:python_version: 3.9.12
2022-10-01 18:33:07,066:INFO:python_build: ('main', 'Apr  4 2022 05:22:27')
2022-10-01 18:33:07,066:INFO:machine: AMD64
2022-10-01 18:33:07,066:INFO:platform: Windows-10-10.0.22000-SP0
2022-10-01 18:33:07,067:INFO:Memory: svmem(total=16531197952, available=2492473344, percent=84.9, used=14038724608, free=2492473344)
2022-10-01 18:33:07,067:INFO:Physical Core: 4
2022-10-01 18:33:07,067:INFO:Logical Core: 8
2022-10-01 18:33:07,067:INFO:Checking libraries
2022-10-01 18:33:07,067:INFO:pd==1.4.2
2022-10-01 18:33:07,067:INFO:numpy==1.21.5
2022-10-01 18:33:07,067:INFO:sklearn==1.1.2
2022-10-01 18:33:07,067:INFO:xgboost==1.6.2
2022-10-01 18:33:07,067:INFO:lightgbm==3.3.2
2022-10-01 18:33:07,067:INFO:catboost==1.1
2022-10-01 18:33:07,067:INFO:mlflow==1.29.0
2022-10-01 18:33:07,067:INFO:Checking Exceptions
2022-10-01 18:33:07,068:INFO:Declaring global variables
2022-10-01 18:33:07,068:INFO:USI: 9191
2022-10-01 18:33:07,068:INFO:pycaret_globals: {'_gpu_n_jobs_param', 'fold_shuffle_param', 'seed', 'target_param', 'y_train', 'display_container', 'n_jobs_param', 'transform_target_method_param', '_all_models_internal', '_internal_pipeline', 'prep_pipe', 'create_model_container', 'exp_name_log', 'log_plots_param', 'transform_target_param', 'data_before_preprocess', '_all_models', 'fold_groups_param', '_all_metrics', 'pycaret_globals', '_ml_usecase', 'iterative_imputation_iters_param', 'fold_param', 'fix_imbalance_param', 'experiment__', 'imputation_regressor', 'fold_generator', 'gpu_param', '_available_plots', 'stratify_param', 'y', 'imputation_classifier', 'y_test', 'fix_imbalance_method_param', 'logging_param', 'X', 'master_model_container', 'html_param', 'X_test', 'X_train', 'USI'}
2022-10-01 18:33:07,068:INFO:Preparing display monitor
2022-10-01 18:33:07,068:INFO:Preparing display monitor
2022-10-01 18:33:07,084:INFO:Importing libraries
2022-10-01 18:33:07,084:INFO:Copying data for preprocessing
2022-10-01 18:33:07,106:INFO:Declaring preprocessing parameters
2022-10-01 18:33:07,138:INFO:Creating preprocessing pipeline
2022-10-01 18:33:07,568:INFO:Preprocessing pipeline created successfully
2022-10-01 18:33:07,568:ERROR:(Process Exit): setup has been interupted with user command 'quit'. setup must rerun.
2022-10-01 18:33:07,568:INFO:Creating global containers
2022-10-01 18:33:07,592:INFO:Internal pipeline: Pipeline(memory=None, steps=[('empty_step', 'passthrough')], verbose=False)
2022-10-01 18:47:07,390:INFO:PyCaret Supervised Module
2022-10-01 18:47:07,390:INFO:ML Usecase: regression
2022-10-01 18:47:07,390:INFO:version 2.2.2
2022-10-01 18:47:07,394:INFO:Initializing setup()
2022-10-01 18:47:07,394:INFO:setup(target=Epoch, ml_usecase=regression, available_plots={'parameter': 'Hyperparameters', 'residuals': 'Residuals', 'error': 'Prediction Error', 'cooks': 'Cooks Distance', 'rfe': 'Feature Selection', 'learning': 'Learning Curve', 'manifold': 'Manifold Learning', 'vc': 'Validation Curve', 'feature': 'Feature Importance', 'feature_all': 'Feature Importance (All)', 'tree': 'Decision Tree'}, train_size=0.7, test_data=None, preprocess=True, imputation_type=simple, iterative_imputation_iters=5, categorical_features=None, categorical_imputation=constant, categorical_iterative_imputer=lightgbm, ordinal_features=None, high_cardinality_features=None, high_cardinality_method=frequency, numeric_features=None, numeric_imputation=mean, numeric_iterative_imputer=lightgbm, date_features=None, ignore_features=None, normalize=False, normalize_method=zscore, transformation=False, transformation_method=yeo-johnson, handle_unknown_categorical=True, unknown_categorical_method=least_frequent, pca=False, pca_method=linear, pca_components=None, ignore_low_variance=False, combine_rare_levels=False, rare_level_threshold=0.1, bin_numeric_features=None, remove_outliers=False, outliers_threshold=0.05, remove_multicollinearity=False, multicollinearity_threshold=0.9, remove_perfect_collinearity=True, create_clusters=False, cluster_iter=20, polynomial_features=False, polynomial_degree=2, trigonometry_features=False, polynomial_threshold=0.1, group_features=None, group_names=None, feature_selection=False, feature_selection_threshold=0.8, feature_selection_method=classic, feature_interaction=False, feature_ratio=False, interaction_threshold=0.01, fix_imbalance=False, fix_imbalance_method=None, transform_target=False, transform_target_method=box-cox, data_split_shuffle=True, data_split_stratify=False, fold_strategy=kfold, fold=5, fold_shuffle=True, fold_groups=None, n_jobs=-1, use_gpu=False, custom_pipeline=None, html=True, session_id=42, log_experiment=False, experiment_name=None, log_plots=False, log_profile=False, log_data=False, silent=True, verbose=True, profile=False, profile_kwargs=None, display=None)
2022-10-01 18:47:07,394:INFO:Checking environment
2022-10-01 18:47:07,394:INFO:python_version: 3.9.12
2022-10-01 18:47:07,394:INFO:python_build: ('main', 'Apr  4 2022 05:22:27')
2022-10-01 18:47:07,394:INFO:machine: AMD64
2022-10-01 18:47:07,394:INFO:platform: Windows-10-10.0.22000-SP0
2022-10-01 18:47:07,394:INFO:Memory: svmem(total=16531197952, available=3453591552, percent=79.1, used=13077606400, free=3453591552)
2022-10-01 18:47:07,394:INFO:Physical Core: 4
2022-10-01 18:47:07,394:INFO:Logical Core: 8
2022-10-01 18:47:07,394:INFO:Checking libraries
2022-10-01 18:47:07,394:INFO:pd==1.4.2
2022-10-01 18:47:07,394:INFO:numpy==1.21.5
2022-10-01 18:47:07,394:INFO:sklearn==1.1.2
2022-10-01 18:47:07,394:INFO:xgboost==1.6.2
2022-10-01 18:47:07,394:INFO:lightgbm==3.3.2
2022-10-01 18:47:07,394:INFO:catboost==1.1
2022-10-01 18:47:07,394:INFO:mlflow==1.29.0
2022-10-01 18:47:07,394:INFO:Checking Exceptions
2022-10-01 18:47:07,394:INFO:Declaring global variables
2022-10-01 18:47:07,394:INFO:USI: ccc8
2022-10-01 18:47:07,394:INFO:pycaret_globals: {'_gpu_n_jobs_param', 'fold_shuffle_param', 'seed', 'target_param', 'y_train', 'display_container', 'n_jobs_param', 'transform_target_method_param', '_all_models_internal', '_internal_pipeline', 'prep_pipe', 'create_model_container', 'exp_name_log', 'log_plots_param', 'transform_target_param', 'data_before_preprocess', '_all_models', 'fold_groups_param', '_all_metrics', 'pycaret_globals', '_ml_usecase', 'iterative_imputation_iters_param', 'fold_param', 'fix_imbalance_param', 'experiment__', 'imputation_regressor', 'fold_generator', 'gpu_param', '_available_plots', 'stratify_param', 'y', 'imputation_classifier', 'y_test', 'fix_imbalance_method_param', 'logging_param', 'X', 'master_model_container', 'html_param', 'X_test', 'X_train', 'USI'}
2022-10-01 18:47:07,394:INFO:Preparing display monitor
2022-10-01 18:47:07,394:INFO:Preparing display monitor
2022-10-01 18:47:07,410:INFO:Importing libraries
2022-10-01 18:47:07,410:INFO:Copying data for preprocessing
2022-10-01 18:47:07,450:INFO:Declaring preprocessing parameters
2022-10-01 18:47:07,483:INFO:Creating preprocessing pipeline
2022-10-01 18:47:08,063:INFO:Preprocessing pipeline created successfully
2022-10-01 18:47:08,063:ERROR:(Process Exit): setup has been interupted with user command 'quit'. setup must rerun.
2022-10-01 18:47:08,063:INFO:Creating global containers
2022-10-01 18:47:08,063:INFO:Internal pipeline: Pipeline(memory=None, steps=[('empty_step', 'passthrough')], verbose=False)
2022-10-01 18:47:11,997:INFO:Creating grid variables
2022-10-01 18:47:12,076:INFO:create_model_container: 0
2022-10-01 18:47:12,077:INFO:master_model_container: 0
2022-10-01 18:47:12,077:INFO:display_container: 0
2022-10-01 18:47:39,045:INFO:PyCaret Supervised Module
2022-10-01 18:47:39,046:INFO:ML Usecase: regression
2022-10-01 18:47:39,046:INFO:version 2.2.2
2022-10-01 18:47:39,046:INFO:Initializing setup()
2022-10-01 18:47:39,046:INFO:setup(target=Epoch, ml_usecase=regression, available_plots={'parameter': 'Hyperparameters', 'residuals': 'Residuals', 'error': 'Prediction Error', 'cooks': 'Cooks Distance', 'rfe': 'Feature Selection', 'learning': 'Learning Curve', 'manifold': 'Manifold Learning', 'vc': 'Validation Curve', 'feature': 'Feature Importance', 'feature_all': 'Feature Importance (All)', 'tree': 'Decision Tree'}, train_size=0.7, test_data=None, preprocess=True, imputation_type=simple, iterative_imputation_iters=5, categorical_features=None, categorical_imputation=constant, categorical_iterative_imputer=lightgbm, ordinal_features=None, high_cardinality_features=None, high_cardinality_method=frequency, numeric_features=None, numeric_imputation=mean, numeric_iterative_imputer=lightgbm, date_features=None, ignore_features=None, normalize=False, normalize_method=zscore, transformation=False, transformation_method=yeo-johnson, handle_unknown_categorical=True, unknown_categorical_method=least_frequent, pca=False, pca_method=linear, pca_components=None, ignore_low_variance=False, combine_rare_levels=False, rare_level_threshold=0.1, bin_numeric_features=None, remove_outliers=False, outliers_threshold=0.05, remove_multicollinearity=False, multicollinearity_threshold=0.9, remove_perfect_collinearity=True, create_clusters=False, cluster_iter=20, polynomial_features=False, polynomial_degree=2, trigonometry_features=False, polynomial_threshold=0.1, group_features=None, group_names=None, feature_selection=False, feature_selection_threshold=0.8, feature_selection_method=classic, feature_interaction=False, feature_ratio=False, interaction_threshold=0.01, fix_imbalance=False, fix_imbalance_method=None, transform_target=False, transform_target_method=box-cox, data_split_shuffle=True, data_split_stratify=False, fold_strategy=kfold, fold=10, fold_shuffle=False, fold_groups=None, n_jobs=-1, use_gpu=False, custom_pipeline=None, html=True, session_id=None, log_experiment=False, experiment_name=None, log_plots=False, log_profile=False, log_data=False, silent=False, verbose=True, profile=False, profile_kwargs=None, display=None)
2022-10-01 18:47:39,046:INFO:Checking environment
2022-10-01 18:47:39,046:INFO:python_version: 3.9.12
2022-10-01 18:47:39,046:INFO:python_build: ('main', 'Apr  4 2022 05:22:27')
2022-10-01 18:47:39,046:INFO:machine: AMD64
2022-10-01 18:47:39,046:INFO:platform: Windows-10-10.0.22000-SP0
2022-10-01 18:47:39,046:INFO:Memory: svmem(total=16531197952, available=3260420096, percent=80.3, used=13270777856, free=3260420096)
2022-10-01 18:47:39,046:INFO:Physical Core: 4
2022-10-01 18:47:39,046:INFO:Logical Core: 8
2022-10-01 18:47:39,046:INFO:Checking libraries
2022-10-01 18:47:39,047:INFO:pd==1.4.2
2022-10-01 18:47:39,047:INFO:numpy==1.21.5
2022-10-01 18:47:39,047:INFO:sklearn==1.1.2
2022-10-01 18:47:39,047:INFO:xgboost==1.6.2
2022-10-01 18:47:39,047:INFO:lightgbm==3.3.2
2022-10-01 18:47:39,047:INFO:catboost==1.1
2022-10-01 18:47:39,047:INFO:mlflow==1.29.0
2022-10-01 18:47:39,047:INFO:Checking Exceptions
2022-10-01 18:47:39,047:INFO:Declaring global variables
2022-10-01 18:47:39,048:INFO:USI: 5917
2022-10-01 18:47:39,048:INFO:pycaret_globals: {'_gpu_n_jobs_param', 'fold_shuffle_param', 'seed', 'target_param', 'y_train', 'display_container', 'n_jobs_param', 'transform_target_method_param', '_all_models_internal', '_internal_pipeline', 'prep_pipe', 'create_model_container', 'exp_name_log', 'log_plots_param', 'transform_target_param', 'data_before_preprocess', '_all_models', 'fold_groups_param', '_all_metrics', 'pycaret_globals', '_ml_usecase', 'iterative_imputation_iters_param', 'fold_param', 'fix_imbalance_param', 'experiment__', 'imputation_regressor', 'fold_generator', 'gpu_param', '_available_plots', 'stratify_param', 'y', 'imputation_classifier', 'y_test', 'fix_imbalance_method_param', 'logging_param', 'X', 'master_model_container', 'html_param', 'X_test', 'X_train', 'USI'}
2022-10-01 18:47:39,048:INFO:Preparing display monitor
2022-10-01 18:47:39,048:INFO:Preparing display monitor
2022-10-01 18:47:39,073:INFO:Importing libraries
2022-10-01 18:47:39,074:INFO:Copying data for preprocessing
2022-10-01 18:47:39,121:INFO:Declaring preprocessing parameters
2022-10-01 18:47:39,173:INFO:Creating preprocessing pipeline
2022-10-01 18:47:39,813:INFO:Preprocessing pipeline created successfully
2022-10-01 18:47:39,814:ERROR:(Process Exit): setup has been interupted with user command 'quit'. setup must rerun.
2022-10-01 18:47:39,814:INFO:Creating global containers
2022-10-01 18:48:22,149:INFO:PyCaret Supervised Module
2022-10-01 18:48:22,149:INFO:ML Usecase: regression
2022-10-01 18:48:22,149:INFO:version 2.2.2
2022-10-01 18:48:22,149:INFO:Initializing setup()
2022-10-01 18:48:22,149:INFO:setup(target=Epoch, ml_usecase=regression, available_plots={'parameter': 'Hyperparameters', 'residuals': 'Residuals', 'error': 'Prediction Error', 'cooks': 'Cooks Distance', 'rfe': 'Feature Selection', 'learning': 'Learning Curve', 'manifold': 'Manifold Learning', 'vc': 'Validation Curve', 'feature': 'Feature Importance', 'feature_all': 'Feature Importance (All)', 'tree': 'Decision Tree'}, train_size=0.7, test_data=None, preprocess=True, imputation_type=simple, iterative_imputation_iters=5, categorical_features=None, categorical_imputation=constant, categorical_iterative_imputer=lightgbm, ordinal_features=None, high_cardinality_features=None, high_cardinality_method=frequency, numeric_features=None, numeric_imputation=mean, numeric_iterative_imputer=lightgbm, date_features=None, ignore_features=None, normalize=True, normalize_method=zscore, transformation=True, transformation_method=yeo-johnson, handle_unknown_categorical=True, unknown_categorical_method=least_frequent, pca=False, pca_method=linear, pca_components=None, ignore_low_variance=False, combine_rare_levels=False, rare_level_threshold=0.1, bin_numeric_features=None, remove_outliers=False, outliers_threshold=0.05, remove_multicollinearity=False, multicollinearity_threshold=0.9, remove_perfect_collinearity=True, create_clusters=False, cluster_iter=20, polynomial_features=False, polynomial_degree=2, trigonometry_features=False, polynomial_threshold=0.1, group_features=None, group_names=None, feature_selection=False, feature_selection_threshold=0.8, feature_selection_method=classic, feature_interaction=False, feature_ratio=False, interaction_threshold=0.01, fix_imbalance=False, fix_imbalance_method=None, transform_target=True, transform_target_method=box-cox, data_split_shuffle=True, data_split_stratify=False, fold_strategy=kfold, fold=5, fold_shuffle=True, fold_groups=None, n_jobs=-1, use_gpu=False, custom_pipeline=None, html=True, session_id=42, log_experiment=True, experiment_name=wind-mission, log_plots=False, log_profile=False, log_data=False, silent=True, verbose=True, profile=False, profile_kwargs=None, display=None)
2022-10-01 18:48:22,149:INFO:Checking environment
2022-10-01 18:48:22,149:INFO:python_version: 3.9.12
2022-10-01 18:48:22,149:INFO:python_build: ('main', 'Apr  4 2022 05:22:27')
2022-10-01 18:48:22,149:INFO:machine: AMD64
2022-10-01 18:48:22,149:INFO:platform: Windows-10-10.0.22000-SP0
2022-10-01 18:48:22,149:INFO:Memory: svmem(total=16531197952, available=3339137024, percent=79.8, used=13192060928, free=3339137024)
2022-10-01 18:48:22,149:INFO:Physical Core: 4
2022-10-01 18:48:22,149:INFO:Logical Core: 8
2022-10-01 18:48:22,149:INFO:Checking libraries
2022-10-01 18:48:22,149:INFO:pd==1.4.2
2022-10-01 18:48:22,149:INFO:numpy==1.21.5
2022-10-01 18:48:22,149:INFO:sklearn==1.1.2
2022-10-01 18:48:22,149:INFO:xgboost==1.6.2
2022-10-01 18:48:22,149:INFO:lightgbm==3.3.2
2022-10-01 18:48:22,149:INFO:catboost==1.1
2022-10-01 18:48:22,149:INFO:mlflow==1.29.0
2022-10-01 18:48:22,149:INFO:Checking Exceptions
2022-10-01 18:48:22,149:INFO:Declaring global variables
2022-10-01 18:48:22,149:INFO:USI: fee4
2022-10-01 18:48:22,149:INFO:pycaret_globals: {'_gpu_n_jobs_param', 'fold_shuffle_param', 'seed', 'target_param', 'y_train', 'display_container', 'n_jobs_param', 'transform_target_method_param', '_all_models_internal', '_internal_pipeline', 'prep_pipe', 'create_model_container', 'exp_name_log', 'log_plots_param', 'transform_target_param', 'data_before_preprocess', '_all_models', 'fold_groups_param', '_all_metrics', 'pycaret_globals', '_ml_usecase', 'iterative_imputation_iters_param', 'fold_param', 'fix_imbalance_param', 'experiment__', 'imputation_regressor', 'fold_generator', 'gpu_param', '_available_plots', 'stratify_param', 'y', 'imputation_classifier', 'y_test', 'fix_imbalance_method_param', 'logging_param', 'X', 'master_model_container', 'html_param', 'X_test', 'X_train', 'USI'}
2022-10-01 18:48:22,149:INFO:Preparing display monitor
2022-10-01 18:48:22,149:INFO:Preparing display monitor
2022-10-01 18:48:22,169:INFO:Importing libraries
2022-10-01 18:48:22,171:INFO:Copying data for preprocessing
2022-10-01 18:48:22,196:INFO:Declaring preprocessing parameters
2022-10-01 18:48:22,233:INFO:Creating preprocessing pipeline
2022-10-01 18:48:22,742:INFO:Preprocessing pipeline created successfully
2022-10-01 18:48:22,742:ERROR:(Process Exit): setup has been interupted with user command 'quit'. setup must rerun.
2022-10-01 18:48:22,742:INFO:Creating global containers
2022-10-01 18:48:22,742:INFO:Internal pipeline: Pipeline(memory=None, steps=[('empty_step', 'passthrough')], verbose=False)
2022-10-01 18:48:33,208:INFO:Creating grid variables
2022-10-01 18:48:33,232:INFO:Logging experiment in MLFlow
2022-10-01 18:48:35,549:INFO:SubProcess save_model() called ==================================
